<?xml version="1.0" encoding="UTF-8"?>
<testng-results ignored="0" total="11" passed="10" failed="1" skipped="0">
  <reporter-output>
  </reporter-output>
  <suite started-at="2021-08-13T13:08:51 IST" name="Default suite" finished-at="2021-08-13T13:13:42 IST" duration-ms="291496">
    <groups>
      <group name="cucumber">
        <method signature="AbstractTestNGCucumberTests.runScenario(io.cucumber.testng.PickleWrapper, io.cucumber.testng.FeatureWrapper)[pri:0, instance:Runner.Runner@ea6147e]" name="runScenario" class="io.cucumber.testng.AbstractTestNGCucumberTests"/>
      </group> <!-- cucumber -->
    </groups>
    <test started-at="2021-08-13T13:08:51 IST" name="Default test" finished-at="2021-08-13T13:13:42 IST" duration-ms="291496">
      <class name="Runner.Runner">
        <test-method is-config="true" signature="setUpClass()[pri:0, instance:Runner.Runner@ea6147e]" started-at="2021-08-13T13:08:51 IST" name="setUpClass" finished-at="2021-08-13T13:08:51 IST" duration-ms="225" status="PASS">
          <reporter-output>
          </reporter-output>
        </test-method> <!-- setUpClass -->
        <test-method is-config="true" signature="setUpCucumber()[pri:0, instance:Runner.Runner@ea6147e]" started-at="2021-08-13T13:08:51 IST" name="setUpCucumber" finished-at="2021-08-13T13:08:51 IST" duration-ms="26" status="PASS">
          <reporter-output>
          </reporter-output>
        </test-method> <!-- setUpCucumber -->
        <test-method signature="runScenario(io.cucumber.testng.PickleWrapper, io.cucumber.testng.FeatureWrapper)[pri:0, instance:Runner.Runner@ea6147e]" started-at="2021-08-13T13:08:51 IST" name="runScenario" description="Runs Cucumber Scenarios" data-provider="scenarios" finished-at="2021-08-13T13:09:03 IST" duration-ms="12379" status="PASS">
          <params>
            <param index="0">
              <value>
                <![CDATA["Check Ribble Endurance SL e Bike in Road Menu"]]>
              </value>
            </param>
            <param index="1">
              <value>
                <![CDATA["Optional[Ribble Bike Checkout]"]]>
              </value>
            </param>
          </params>
          <reporter-output>
          </reporter-output>
        </test-method> <!-- runScenario -->
        <test-method signature="runScenario(io.cucumber.testng.PickleWrapper, io.cucumber.testng.FeatureWrapper)[pri:0, instance:Runner.Runner@ea6147e]" started-at="2021-08-13T13:09:03 IST" name="runScenario" description="Runs Cucumber Scenarios" data-provider="scenarios" finished-at="2021-08-13T13:09:21 IST" duration-ms="17960" status="PASS">
          <params>
            <param index="0">
              <value>
                <![CDATA["Check Ribble Endurance SL e  Bike Page Navgation"]]>
              </value>
            </param>
            <param index="1">
              <value>
                <![CDATA["Optional[Ribble Bike Checkout]"]]>
              </value>
            </param>
          </params>
          <reporter-output>
          </reporter-output>
        </test-method> <!-- runScenario -->
        <test-method signature="runScenario(io.cucumber.testng.PickleWrapper, io.cucumber.testng.FeatureWrapper)[pri:0, instance:Runner.Runner@ea6147e]" started-at="2021-08-13T13:09:21 IST" name="runScenario" description="Runs Cucumber Scenarios" data-provider="scenarios" finished-at="2021-08-13T13:09:41 IST" duration-ms="20111" status="PASS">
          <params>
            <param index="0">
              <value>
                <![CDATA["Check Ribble Endurance SL e  count for color"]]>
              </value>
            </param>
            <param index="1">
              <value>
                <![CDATA["Optional[Ribble Bike Checkout]"]]>
              </value>
            </param>
          </params>
          <reporter-output>
          </reporter-output>
        </test-method> <!-- runScenario -->
        <test-method signature="runScenario(io.cucumber.testng.PickleWrapper, io.cucumber.testng.FeatureWrapper)[pri:0, instance:Runner.Runner@ea6147e]" started-at="2021-08-13T13:09:41 IST" name="runScenario" description="Runs Cucumber Scenarios" data-provider="scenarios" finished-at="2021-08-13T13:10:05 IST" duration-ms="23943" status="PASS">
          <params>
            <param index="0">
              <value>
                <![CDATA["Check Ribble Endurance SL e  Build your bike Navigation"]]>
              </value>
            </param>
            <param index="1">
              <value>
                <![CDATA["Optional[Ribble Bike Checkout]"]]>
              </value>
            </param>
          </params>
          <reporter-output>
          </reporter-output>
        </test-method> <!-- runScenario -->
        <test-method signature="runScenario(io.cucumber.testng.PickleWrapper, io.cucumber.testng.FeatureWrapper)[pri:0, instance:Runner.Runner@ea6147e]" started-at="2021-08-13T13:10:05 IST" name="runScenario" description="Runs Cucumber Scenarios" data-provider="scenarios" finished-at="2021-08-13T13:10:27 IST" duration-ms="21597" status="PASS">
          <params>
            <param index="0">
              <value>
                <![CDATA["Check Your Bike Size"]]>
              </value>
            </param>
            <param index="1">
              <value>
                <![CDATA["Optional[Ribble Bike Checkout]"]]>
              </value>
            </param>
          </params>
          <reporter-output>
          </reporter-output>
        </test-method> <!-- runScenario -->
        <test-method signature="runScenario(io.cucumber.testng.PickleWrapper, io.cucumber.testng.FeatureWrapper)[pri:0, instance:Runner.Runner@ea6147e]" started-at="2021-08-13T13:10:27 IST" name="runScenario" description="Runs Cucumber Scenarios" data-provider="scenarios" finished-at="2021-08-13T13:10:51 IST" duration-ms="24429" status="PASS">
          <params>
            <param index="0">
              <value>
                <![CDATA["Check Your Bike Customize button"]]>
              </value>
            </param>
            <param index="1">
              <value>
                <![CDATA["Optional[Ribble Bike Checkout]"]]>
              </value>
            </param>
          </params>
          <reporter-output>
          </reporter-output>
        </test-method> <!-- runScenario -->
        <test-method signature="runScenario(io.cucumber.testng.PickleWrapper, io.cucumber.testng.FeatureWrapper)[pri:0, instance:Runner.Runner@ea6147e]" started-at="2021-08-13T13:10:51 IST" name="runScenario" description="Runs Cucumber Scenarios" data-provider="scenarios" finished-at="2021-08-13T13:11:20 IST" duration-ms="28834" status="PASS">
          <params>
            <param index="0">
              <value>
                <![CDATA["Check Your Bike Checkout button"]]>
              </value>
            </param>
            <param index="1">
              <value>
                <![CDATA["Optional[Ribble Bike Checkout]"]]>
              </value>
            </param>
          </params>
          <reporter-output>
          </reporter-output>
        </test-method> <!-- runScenario -->
        <test-method signature="runScenario(io.cucumber.testng.PickleWrapper, io.cucumber.testng.FeatureWrapper)[pri:0, instance:Runner.Runner@ea6147e]" started-at="2021-08-13T13:11:20 IST" name="runScenario" description="Runs Cucumber Scenarios" data-provider="scenarios" finished-at="2021-08-13T13:11:53 IST" duration-ms="33349" status="PASS">
          <params>
            <param index="0">
              <value>
                <![CDATA["Check Your Bike Checkout Flow"]]>
              </value>
            </param>
            <param index="1">
              <value>
                <![CDATA["Optional[Ribble Bike Checkout]"]]>
              </value>
            </param>
          </params>
          <reporter-output>
          </reporter-output>
        </test-method> <!-- runScenario -->
        <test-method signature="runScenario(io.cucumber.testng.PickleWrapper, io.cucumber.testng.FeatureWrapper)[pri:0, instance:Runner.Runner@ea6147e]" started-at="2021-08-13T13:11:53 IST" name="runScenario" description="Runs Cucumber Scenarios" data-provider="scenarios" finished-at="2021-08-13T13:12:44 IST" duration-ms="50136" status="PASS">
          <params>
            <param index="0">
              <value>
                <![CDATA["Check Your Bike Customization & Checkout Flow"]]>
              </value>
            </param>
            <param index="1">
              <value>
                <![CDATA["Optional[Ribble Bike Checkout]"]]>
              </value>
            </param>
          </params>
          <reporter-output>
          </reporter-output>
        </test-method> <!-- runScenario -->
        <test-method signature="runScenario(io.cucumber.testng.PickleWrapper, io.cucumber.testng.FeatureWrapper)[pri:0, instance:Runner.Runner@ea6147e]" started-at="2021-08-13T13:12:44 IST" name="runScenario" description="Runs Cucumber Scenarios" data-provider="scenarios" finished-at="2021-08-13T13:13:28 IST" duration-ms="44261" status="PASS">
          <params>
            <param index="0">
              <value>
                <![CDATA["Cart Amount Verficiation"]]>
              </value>
            </param>
            <param index="1">
              <value>
                <![CDATA["Optional[Check Cart Feautre]"]]>
              </value>
            </param>
          </params>
          <reporter-output>
          </reporter-output>
        </test-method> <!-- runScenario -->
        <test-method signature="runScenario(io.cucumber.testng.PickleWrapper, io.cucumber.testng.FeatureWrapper)[pri:0, instance:Runner.Runner@ea6147e]" started-at="2021-08-13T13:13:28 IST" name="runScenario" description="Runs Cucumber Scenarios" data-provider="scenarios" finished-at="2021-08-13T13:13:42 IST" duration-ms="14199" status="FAIL">
          <params>
            <param index="0">
              <value>
                <![CDATA["Accessories Page Navigation"]]>
              </value>
            </param>
            <param index="1">
              <value>
                <![CDATA["Optional[Title of your feature]"]]>
              </value>
            </param>
          </params>
          <exception class="java.lang.NumberFormatException">
            <message>
              <![CDATA[For input string: "1,599.00"]]>
            </message>
            <full-stacktrace>
              <![CDATA[java.lang.NumberFormatException: For input string: "1,599.00"
at java.base/jdk.internal.math.FloatingDecimal.readJavaFormatString(FloatingDecimal.java:2054)
at java.base/jdk.internal.math.FloatingDecimal.parseFloat(FloatingDecimal.java:122)
at java.base/java.lang.Float.parseFloat(Float.java:461)
at com.ayko.stepDefinition.AykoRibbleBikeTestSteps.string_to_num(AykoRibbleBikeTestSteps.java:335)
at com.ayko.stepDefinition.AykoRibbleBikeTestSteps.check_priceOrder(AykoRibbleBikeTestSteps.java:322)
at ✽.The price should be in acscending order(file:///home/rahul/eclipse-workspace/Ayko_Automation/src/test/java/Features/ayko_ribbleParts_test.feature:28)
]]>
            </full-stacktrace>
          </exception> <!-- java.lang.NumberFormatException -->
          <reporter-output>
          </reporter-output>
        </test-method> <!-- runScenario -->
        <test-method is-config="true" signature="tearDownClass()[pri:0, instance:Runner.Runner@ea6147e]" started-at="2021-08-13T13:13:42 IST" name="tearDownClass" finished-at="2021-08-13T13:13:42 IST" duration-ms="9" status="PASS">
          <reporter-output>
          </reporter-output>
        </test-method> <!-- tearDownClass -->
      </class> <!-- Runner.Runner -->
    </test> <!-- Default test -->
  </suite> <!-- Default suite -->
</testng-results>
