<?xml version="1.0" encoding="UTF-8"?>
<!-- Generated by org.testng.reporters.JUnitReportReporter -->
<testsuite hostname="rahul-TravelMate-P214-52" failures="0" tests="11" name="Runner.Runner" time="291.198" errors="1" timestamp="2021-08-13T13:13:42 IST" skipped="0">
  <testcase classname="Runner.Runner" name="runScenario" time="17.960"/>
  <system-out/>
  <testcase classname="Runner.Runner" name="runScenario" time="23.943"/>
  <system-out/>
  <testcase classname="Runner.Runner" name="runScenario" time="33.349"/>
  <system-out/>
  <testcase classname="Runner.Runner" name="runScenario" time="28.834"/>
  <system-out/>
  <testcase classname="Runner.Runner" name="runScenario" time="20.111"/>
  <system-out/>
  <testcase classname="Runner.Runner" name="runScenario" time="24.429"/>
  <system-out/>
  <testcase classname="Runner.Runner" name="runScenario" time="21.597"/>
  <system-out/>
  <testcase classname="Runner.Runner" name="runScenario" time="44.261"/>
  <system-out/>
  <testcase classname="Runner.Runner" name="runScenario" time="14.199">
    <error message="For input string: &quot;1,599.00&quot;" type="java.lang.NumberFormatException">
      <![CDATA[java.lang.NumberFormatException: For input string: "1,599.00"
at java.base/jdk.internal.math.FloatingDecimal.readJavaFormatString(FloatingDecimal.java:2054)
at java.base/jdk.internal.math.FloatingDecimal.parseFloat(FloatingDecimal.java:122)
at java.base/java.lang.Float.parseFloat(Float.java:461)
at com.ayko.stepDefinition.AykoRibbleBikeTestSteps.string_to_num(AykoRibbleBikeTestSteps.java:335)
at com.ayko.stepDefinition.AykoRibbleBikeTestSteps.check_priceOrder(AykoRibbleBikeTestSteps.java:322)
at ✽.The price should be in acscending order(file:///home/rahul/eclipse-workspace/Ayko_Automation/src/test/java/Features/ayko_ribbleParts_test.feature:28)
]]>
    </error>
  </testcase> <!-- runScenario -->
  <system-out/>
  <testcase classname="Runner.Runner" name="runScenario" time="12.379"/>
  <system-out/>
  <testcase classname="Runner.Runner" name="runScenario" time="50.136"/>
  <system-out/>
</testsuite> <!-- Runner.Runner -->
